
ROM used:   770/8192 (9%)
            770/8192 (9%) including unused fragments

            0.6 Average locations per line
            4.9 Average locations per statement

RAM used:   23/368 (6%) at main() level
            29/368 (8%) worst case

Stack used: 5 worst case (5 in main + 0 for interrupts)
Stack size: 8

Lines Stmts  %   Files
----- ----- ---  -----
  125    57  36  THIROBOT.c
    5     0   0  THIROBOT.h
  707     0   0  C:\Program Files (x86)\PICC\Devices\16F877A.h
  456   100  64  C:\Program Files (x86)\PICC\Drivers\LCD.C
----- -----
 1293   157 Total

Page ROM  %  RAM    Vol Diff  Functions:
---- --- --- ---    --- ----  ----------
0     20   3    1             @delay_ms1
 Inline         3    760  4.5  lcd_read_byte
0     49   6    2    262  3.7  lcd_read_nibble
0     46   6    1    399  2.4  lcd_send_nibble
0     94  12    3    415  3.7  lcd_send_byte
0     70   9    6    852  6.2  lcd_init
0     18   2    4    208  6.3  lcd_gotoxy
0     44   6    1    354  4.7  lcd_putc
0    216  28   16   1694  4.9  MAIN
0     21   3    3   1824  5.9  @DIV88
0     87  11    6    106  1.3  @PRINTF_D_724
0     37   5    0    106  1.3  tien_nguocchieukimdongho
0     32   4    0    106  1.3  quayphai
0     32   4    0    106  1.3  quaytrai
 Inline         0    106  1.3  @cinit1

Program metrics:
    Functions               14
    Statements              157
    Comments                230
    Volume (V)              11321
    Difficulty (D)          47.9
    Effort to implement (E) 542285
    Time to implement (T)   8 hours, 22 minutes
    Est Delivered Bugs (B)  2
    Cyclomatic Complexity   15
    Maintainability (MI)    97

 Segment     Used  Free
-----------  ----  ----
00000-00003     4  0  
00004-007FF   766  1278  
00800-00FFF     0  2048  
01000-017FF     0  2048  
01800-01FFF     0  2048  



